<?xml version="1.0" encoding="UTF-8"?>
<!-- Generated by org.testng.reporters.JUnitReportReporter -->
<testsuite hostname="DESKTOP-P6NNIDP" failures="0" tests="1" name="testCases.TC002_LoginTest" time="1.871" errors="0" timestamp="2025-04-16T22:28:44 EDT" skipped="0">
  <testcase classname="testCases.TC002_LoginTest" name="verify_login" time="1.871"/>
</testsuite> <!-- testCases.TC002_LoginTest -->
